<?xml version="1.0" encoding="UTF-8"?>
<testng-results total="1" passed="1" failed="0" skipped="0">
  <reporter-output>
  </reporter-output>
  <suite started-at="2022-11-16T07:48:48Z" name="Default suite" finished-at="2022-11-16T07:49:18Z" duration-ms="30609">
    <groups>
    </groups>
    <test started-at="2022-11-16T07:48:48Z" name="Default test" finished-at="2022-11-16T07:49:18Z" duration-ms="30609">
      <class name="imdb.Imdb">
        <test-method is-config="true" signature="setUpSuite()[pri:0, instance:imdb.Imdb@163d04ff]" started-at="2022-11-16T13:18:47Z" name="setUpSuite" finished-at="2022-11-16T13:18:48Z" duration-ms="910" status="PASS">
          <reporter-output>
          </reporter-output>
        </test-method> <!-- setUpSuite -->
        <test-method signature="pushpaMovieTest()[pri:0, instance:imdb.Imdb@163d04ff]" started-at="2022-11-16T13:18:48Z" name="pushpaMovieTest" finished-at="2022-11-16T13:19:18Z" duration-ms="30366" status="PASS">
          <reporter-output>
          </reporter-output>
        </test-method> <!-- pushpaMovieTest -->
      </class> <!-- imdb.Imdb -->
    </test> <!-- Default test -->
  </suite> <!-- Default suite -->
</testng-results>
